<?xml version="1.0" encoding="UTF-8"?>
<!-- Generated by org.testng.reporters.JUnitReportReporter -->
<testsuite hostname="SYEDKHALEEL" name="maintest.TC_5_VerifyTheLoginPageTest" tests="1" failures="0" timestamp="28 Jun 2021 12:25:40 GMT" time="16.467" errors="0">
  <testcase name="flipCartLogin" time="16.467" classname="maintest.TC_5_VerifyTheLoginPageTest"/>
</testsuite> <!-- maintest.TC_5_VerifyTheLoginPageTest -->
