<?xml version="1.0" encoding="UTF-8"?>
<!-- Generated by org.testng.reporters.JUnitReportReporter -->
<testsuite hostname="SYEDKHALEEL" name="maintest.TC_1_LauchWebsiteWithValidUrlTest" tests="1" failures="0" timestamp="28 Jun 2021 12:20:32 GMT" time="10.695" errors="0">
  <testcase name="launchBrowser" time="10.695" classname="maintest.TC_1_LauchWebsiteWithValidUrlTest"/>
</testsuite> <!-- maintest.TC_1_LauchWebsiteWithValidUrlTest -->
