<?xml version="1.0" encoding="UTF-8"?>
<!-- Generated by org.testng.reporters.JUnitReportReporter -->
<testsuite hostname="SYEDKHALEEL" name="maintest.TC_11_VerifyingTheProductTest" tests="1" failures="0" timestamp="28 Jun 2021 10:45:21 GMT" time="13.791" errors="0">
  <testcase name="verifyingProduct" time="13.791" classname="maintest.TC_11_VerifyingTheProductTest"/>
</testsuite> <!-- maintest.TC_11_VerifyingTheProductTest -->
