<?xml version="1.0" encoding="UTF-8"?>
<!-- Generated by org.testng.reporters.JUnitReportReporter -->
<testsuite hostname="SYEDKHALEEL" name="maintest.TC_10_SearchFlightTest" tests="1" failures="0" timestamp="28 Jun 2021 12:33:10 GMT" time="50.590" errors="0">
  <testcase name="navigateToHomepage" time="50.590" classname="maintest.TC_10_SearchFlightTest"/>
</testsuite> <!-- maintest.TC_10_SearchFlightTest -->
