<?xml version="1.0" encoding="UTF-8"?>
<!-- Generated by org.testng.reporters.JUnitReportReporter -->
<testsuite hostname="SYEDKHALEEL" name="maintest.TC_9_VerifyingSearchBarInFlipcartTest" tests="1" failures="0" timestamp="28 Jun 2021 12:31:36 GMT" time="35.836" errors="0">
  <testcase name="searchBarOperation" time="35.836" classname="maintest.TC_9_VerifyingSearchBarInFlipcartTest"/>
</testsuite> <!-- maintest.TC_9_VerifyingSearchBarInFlipcartTest -->
