<?xml version="1.0" encoding="UTF-8"?>
<!-- Generated by org.testng.reporters.JUnitReportReporter -->
<testsuite hostname="SYEDKHALEEL" name="maintest.TC_2_VerifyingTheLogoInFlipcartTest" tests="1" failures="0" timestamp="28 Jun 2021 12:21:52 GMT" time="11.849" errors="0">
  <testcase name="verifyLogo" time="11.849" classname="maintest.TC_2_VerifyingTheLogoInFlipcartTest"/>
</testsuite> <!-- maintest.TC_2_VerifyingTheLogoInFlipcartTest -->
