<?xml version="1.0" encoding="UTF-8"?>
<!-- Generated by org.testng.reporters.JUnitReportReporter -->
<testsuite hostname="SYEDKHALEEL" name="maintest.LauchWebsiteWithValidUrlTest" tests="1" failures="0" timestamp="28 Jun 2021 04:45:47 GMT" time="9.355" errors="0">
  <testcase name="launchBrowser" time="9.355" classname="maintest.LauchWebsiteWithValidUrlTest"/>
</testsuite> <!-- maintest.LauchWebsiteWithValidUrlTest -->
