<?xml version="1.0" encoding="UTF-8"?>
<!-- Generated by org.testng.reporters.JUnitReportReporter -->
<testsuite hostname="SYEDKHALEEL" name="maintest.VerifyingTheLogoInFlipcartTest" tests="1" failures="0" timestamp="28 Jun 2021 05:14:00 GMT" time="8.885" errors="0">
  <testcase name="verifyLogo" time="8.885" classname="maintest.VerifyingTheLogoInFlipcartTest"/>
</testsuite> <!-- maintest.VerifyingTheLogoInFlipcartTest -->
