<?xml version="1.0" encoding="UTF-8"?>
<!-- Generated by org.testng.reporters.JUnitReportReporter -->
<testsuite hostname="SYEDKHALEEL" name="maintest.TestExecution" tests="14" failures="0" timestamp="7 Jul 2021 12:25:38 GMT" time="272.012" errors="0">
  <testcase name="testCase2" time="12.599" classname="maintest.TestExecution"/>
  <testcase name="testCase14" time="19.982" classname="maintest.TestExecution"/>
  <testcase name="testCase6" time="17.038" classname="maintest.TestExecution"/>
  <testcase name="testCase12" time="19.003" classname="maintest.TestExecution"/>
  <testcase name="testCase13" time="15.985" classname="maintest.TestExecution"/>
  <testcase name="testCase1" time="12.070" classname="maintest.TestExecution"/>
  <testcase name="testCase7" time="28.075" classname="maintest.TestExecution"/>
  <testcase name="testCase11" time="14.553" classname="maintest.TestExecution"/>
  <testcase name="testCase5" time="12.456" classname="maintest.TestExecution"/>
  <testcase name="testcase9" time="18.684" classname="maintest.TestExecution"/>
  <testcase name="testCase4" time="59.053" classname="maintest.TestExecution"/>
  <testcase name="testCase3" time="12.055" classname="maintest.TestExecution"/>
  <testcase name="testCase8" time="15.001" classname="maintest.TestExecution"/>
  <testcase name="testCase10" time="15.458" classname="maintest.TestExecution"/>
</testsuite> <!-- maintest.TestExecution -->
