<?xml version="1.0" encoding="UTF-8"?>
<!-- Generated by org.testng.reporters.JUnitReportReporter -->
<testsuite hostname="SYEDKHALEEL" name="maintest.TC_6_VerifyInvalidCredentialsInLoginPageTest" tests="1" failures="0" timestamp="28 Jun 2021 12:26:23 GMT" time="23.252" errors="0">
  <testcase name="invalidLogin" time="23.252" classname="maintest.TC_6_VerifyInvalidCredentialsInLoginPageTest"/>
</testsuite> <!-- maintest.TC_6_VerifyInvalidCredentialsInLoginPageTest -->
