<?xml version="1.0" encoding="UTF-8"?>
<!-- Generated by org.testng.reporters.JUnitReportReporter -->
<testsuite hostname="SYEDKHALEEL" name="maintest.TC_7_VerifyingUserNavigatingToAllProductsTest" tests="1" failures="0" timestamp="28 Jun 2021 12:28:20 GMT" time="33.607" errors="0">
  <testcase name="navigateToProducts" time="33.607" classname="maintest.TC_7_VerifyingUserNavigatingToAllProductsTest"/>
</testsuite> <!-- maintest.TC_7_VerifyingUserNavigatingToAllProductsTest -->
