<?xml version="1.0" encoding="UTF-8"?>
<!-- Generated by org.testng.reporters.JUnitReportReporter -->
<testsuite hostname="SYEDKHALEEL" name="maintest.TC_8_VerifyingTheCursorTest" tests="1" failures="0" timestamp="28 Jun 2021 12:30:21 GMT" time="47.305" errors="0">
  <testcase name="cursorTest" time="47.305" classname="maintest.TC_8_VerifyingTheCursorTest"/>
</testsuite> <!-- maintest.TC_8_VerifyingTheCursorTest -->
